HW/HW04/109590043_HW4_02.3/app/build/intermediates/manifest_merge_blame_file/debug/manifest-merger-blame-debug-report.txt
1<?xml version="1.0" encoding="utf-8"?>
2<!--
3  ~ Copyright (C) 2018 Google Inc.
4  ~
5  ~ Licensed under the Apache License, Version 2.0 (the "License");
6  ~ you may not use this file except in compliance with the License.
7  ~ You may obtain a copy of the License at
8  ~
9  ~     http://www.apache.org/licenses/LICENSE-2.0
10  ~
11  ~ Unless required by applicable law or agreed to in writing, software
12  ~ distributed under the License is distributed on an "AS IS" BASIS,
13  ~ WITHOUT WARRANTIES OR CONDITIONS OF ANY KIND, either express or implied.
14  ~ See the License for the specific language governing permissions and
15  ~ limitations under the License.
16-->
17<manifest xmlns:android="http://schemas.android.com/apk/res/android"
18    package="com.example.android.implicitintents"
19    android:versionCode="1"
20    android:versionName="1.0" >
21
22    <uses-sdk
23        android:minSdkVersion="15"
23-->src\main\AndroidManifest.xml
24        android:targetSdkVersion="26" />
24-->src\main\AndroidManifest.xml
25
26    <application
26-->src\main\AndroidManifest.xml:21:5-47:19
27        android:allowBackup="true"
27-->src\main\AndroidManifest.xml:22:9-35
28        android:debuggable="true"
29        android:icon="@mipmap/ic_launcher"
29-->src\main\AndroidManifest.xml:23:9-43
30        android:label="@string/app_name"
30-->src\main\AndroidManifest.xml:24:9-41
31        android:roundIcon="@mipmap/ic_launcher_round"
31-->src\main\AndroidManifest.xml:25:9-54
32        android:supportsRtl="true"
32-->src\main\AndroidManifest.xml:26:9-35
33        android:theme="@style/AppTheme" >
33-->src\main\AndroidManifest.xml:27:9-40
34        <activity android:name="com.example.android.implicitintents.MainActivity" >
34-->src\main\AndroidManifest.xml:28:9-46:20
34-->src\main\AndroidManifest.xml:28:19-47
35            <intent-filter>
35-->src\main\AndroidManifest.xml:29:13-32:29
36                <action android:name="android.intent.action.MAIN" />
36-->src\main\AndroidManifest.xml:30:17-69
36-->src\main\AndroidManifest.xml:30:25-66
37
38                <category android:name="android.intent.category.LAUNCHER" />
38-->src\main\AndroidManifest.xml:31:17-77
38-->src\main\AndroidManifest.xml:31:27-74
39            </intent-filter>
40            <intent-filter>
40-->src\main\AndroidManifest.xml:34:13-39:29
41                <action android:name="android.intent.action.VIEW" />
41-->src\main\AndroidManifest.xml:35:17-69
41-->src\main\AndroidManifest.xml:35:25-66
42
43                <category android:name="android.intent.category.DEFAULT" />
43-->src\main\AndroidManifest.xml:36:17-76
43-->src\main\AndroidManifest.xml:36:27-73
44                <category android:name="android.intent.category.BROWSABLE" />
44-->src\main\AndroidManifest.xml:37:17-78
44-->src\main\AndroidManifest.xml:37:27-75
45
46                <data
46-->src\main\AndroidManifest.xml:38:17-65
47                    android:host="*"
47-->src\main\AndroidManifest.xml:38:45-62
48                    android:scheme="http" />
48-->src\main\AndroidManifest.xml:38:23-44
49            </intent-filter>
50            <intent-filter>
50-->src\main\AndroidManifest.xml:41:13-45:29
51                <action android:name="android.MediaStore.ACTION_IMAGE_CAPTURE" />
51-->src\main\AndroidManifest.xml:42:17-82
51-->src\main\AndroidManifest.xml:42:25-79
52
53                <category android:name="android.intent.category.DEFAULT" />
53-->src\main\AndroidManifest.xml:36:17-76
53-->src\main\AndroidManifest.xml:36:27-73
54                <category android:name="android.intent.category.BROWSABLE" />
54-->src\main\AndroidManifest.xml:37:17-78
54-->src\main\AndroidManifest.xml:37:27-75
55            </intent-filter>
56        </activity>
57
58        <meta-data
58-->[com.android.support:appcompat-v7:26.1.0] AndroidManifest.xml:26:9-28:38
59            android:name="android.support.VERSION"
59-->[com.android.support:appcompat-v7:26.1.0] AndroidManifest.xml:27:13-51
60            android:value="26.1.0" />
60-->[com.android.support:appcompat-v7:26.1.0] AndroidManifest.xml:28:13-35
61        <meta-data
61-->[android.arch.lifecycle:runtime:1.0.0] AndroidManifest.xml:25:9-27:47
62            android:name="android.arch.lifecycle.VERSION"
62-->[android.arch.lifecycle:runtime:1.0.0] AndroidManifest.xml:26:13-58
63            android:value="27.0.0-SNAPSHOT" />
63-->[android.arch.lifecycle:runtime:1.0.0] AndroidManifest.xml:27:13-44
64    </application>
65
66</manifest>